2021-08-26 15:29:36.982  INFO 16344 --- [main] c.e.demo.SecurityJwtDemo1Application     : Starting SecurityJwtDemo1Application using Java 1.8.0_281 on LAPTOP-PV39E17L with PID 16344 (D:\Jag\SpringToolSuitProjects\t3\security-jwt-demo-2\target\classes started by rjaga in D:\Jag\SpringToolSuitProjects\t3\security-jwt-demo-2)
2021-08-26 15:29:36.990  INFO 16344 --- [main] c.e.demo.SecurityJwtDemo1Application     : No active profile set, falling back to default profiles: default
2021-08-26 15:29:37.832  INFO 16344 --- [main] .s.d.r.c.RepositoryConfigurationDelegate : Bootstrapping Spring Data JPA repositories in DEFAULT mode.
2021-08-26 15:29:37.885  INFO 16344 --- [main] .s.d.r.c.RepositoryConfigurationDelegate : Finished Spring Data repository scanning in 45 ms. Found 1 JPA repository interfaces.
2021-08-26 15:29:38.742  INFO 16344 --- [main] o.s.b.w.embedded.tomcat.TomcatWebServer  : Tomcat initialized with port(s): 8080 (http)
2021-08-26 15:29:38.789  INFO 16344 --- [main] o.apache.catalina.core.StandardService   : Starting service [Tomcat]
2021-08-26 15:29:38.790  INFO 16344 --- [main] org.apache.catalina.core.StandardEngine  : Starting Servlet engine: [Apache Tomcat/9.0.52]
2021-08-26 15:29:38.885  INFO 16344 --- [main] o.a.c.c.C.[Tomcat].[localhost].[/]       : Initializing Spring embedded WebApplicationContext
2021-08-26 15:29:38.886  INFO 16344 --- [main] w.s.c.ServletWebServerApplicationContext : Root WebApplicationContext: initialization completed in 1849 ms
2021-08-26 15:29:39.038  INFO 16344 --- [main] o.hibernate.jpa.internal.util.LogHelper  : HHH000204: Processing PersistenceUnitInfo [name: default]
2021-08-26 15:29:39.087  INFO 16344 --- [main] org.hibernate.Version                    : HHH000412: Hibernate ORM core version 5.4.32.Final
2021-08-26 15:29:39.221  INFO 16344 --- [main] o.hibernate.annotations.common.Version   : HCANN000001: Hibernate Commons Annotations {5.1.2.Final}
2021-08-26 15:29:39.322  INFO 16344 --- [main] com.zaxxer.hikari.HikariDataSource       : HikariPool-1 - Starting...
2021-08-26 15:29:39.600  INFO 16344 --- [main] com.zaxxer.hikari.HikariDataSource       : HikariPool-1 - Start completed.
2021-08-26 15:29:39.613  INFO 16344 --- [main] org.hibernate.dialect.Dialect            : HHH000400: Using dialect: org.hibernate.dialect.MySQL8Dialect
2021-08-26 15:29:40.254  INFO 16344 --- [main] o.h.e.t.j.p.i.JtaPlatformInitiator       : HHH000490: Using JtaPlatform implementation: [org.hibernate.engine.transaction.jta.platform.internal.NoJtaPlatform]
2021-08-26 15:29:40.266  INFO 16344 --- [main] j.LocalContainerEntityManagerFactoryBean : Initialized JPA EntityManagerFactory for persistence unit 'default'
2021-08-26 15:29:40.512  WARN 16344 --- [main] JpaBaseConfiguration$JpaWebConfiguration : spring.jpa.open-in-view is enabled by default. Therefore, database queries may be performed during view rendering. Explicitly configure spring.jpa.open-in-view to disable this warning
2021-08-26 15:29:40.676  INFO 16344 --- [main] o.s.s.web.DefaultSecurityFilterChain     : Will secure any request with [org.springframework.security.web.context.request.async.WebAsyncManagerIntegrationFilter@1de13f34, org.springframework.security.web.context.SecurityContextPersistenceFilter@6169be09, org.springframework.security.web.header.HeaderWriterFilter@33324c05, org.springframework.security.web.authentication.logout.LogoutFilter@7841bd30, com.example.demo.filter.JwtFilter@39ab5ef7, org.springframework.security.web.savedrequest.RequestCacheAwareFilter@325162e9, org.springframework.security.web.servletapi.SecurityContextHolderAwareRequestFilter@6885ed19, org.springframework.security.web.authentication.AnonymousAuthenticationFilter@7e191fda, org.springframework.security.web.session.SessionManagementFilter@40bd0f8, org.springframework.security.web.access.ExceptionTranslationFilter@3b5a19ed, org.springframework.security.web.access.intercept.FilterSecurityInterceptor@6b063470]
2021-08-26 15:29:41.063  INFO 16344 --- [main] o.s.b.w.embedded.tomcat.TomcatWebServer  : Tomcat started on port(s): 8080 (http) with context path ''
2021-08-26 15:29:41.072  INFO 16344 --- [main] c.e.demo.SecurityJwtDemo1Application     : Started SecurityJwtDemo1Application in 4.699 seconds (JVM running for 5.608)
2021-08-26 15:30:59.704  INFO 16344 --- [http-nio-8080-exec-2] o.a.c.c.C.[Tomcat].[localhost].[/]       : Initializing Spring DispatcherServlet 'dispatcherServlet'
2021-08-26 15:30:59.772  INFO 16344 --- [http-nio-8080-exec-2] o.s.web.servlet.DispatcherServlet        : Initializing Servlet 'dispatcherServlet'
2021-08-26 15:30:59.878  INFO 16344 --- [http-nio-8080-exec-2] o.s.web.servlet.DispatcherServlet        : Completed initialization in 103 ms
2021-08-26 15:31:00.689 ERROR 16344 --- [http-nio-8080-exec-2] o.a.c.c.C.[.[.[/].[dispatcherServlet]    : Servlet.service() for servlet [dispatcherServlet] in context with path [] threw exception

io.jsonwebtoken.ExpiredJwtException: JWT expired at 2021-08-26T07:02:31Z. Current time: 2021-08-26T15:31:00Z, a difference of 30509669 milliseconds.  Allowed clock skew: 0 milliseconds.
	at io.jsonwebtoken.impl.DefaultJwtParser.parse(DefaultJwtParser.java:385) ~[jjwt-0.9.1.jar:0.9.1]
	at io.jsonwebtoken.impl.DefaultJwtParser.parse(DefaultJwtParser.java:481) ~[jjwt-0.9.1.jar:0.9.1]
	at io.jsonwebtoken.impl.DefaultJwtParser.parseClaimsJws(DefaultJwtParser.java:541) ~[jjwt-0.9.1.jar:0.9.1]
	at com.example.demo.util.JwtUtil.extractAllClaims(JwtUtil.java:32) ~[classes/:na]
	at com.example.demo.util.JwtUtil.extractClaim(JwtUtil.java:28) ~[classes/:na]
	at com.example.demo.util.JwtUtil.extractUsername(JwtUtil.java:20) ~[classes/:na]
	at com.example.demo.filter.JwtFilter.doFilterInternal(JwtFilter.java:40) ~[classes/:na]
	at org.springframework.web.filter.OncePerRequestFilter.doFilter(OncePerRequestFilter.java:119) ~[spring-web-5.3.9.jar:5.3.9]
	at org.springframework.security.web.FilterChainProxy$VirtualFilterChain.doFilter(FilterChainProxy.java:336) ~[spring-security-web-5.5.2.jar:5.5.2]
	at org.springframework.security.web.authentication.logout.LogoutFilter.doFilter(LogoutFilter.java:103) ~[spring-security-web-5.5.2.jar:5.5.2]
	at org.springframework.security.web.authentication.logout.LogoutFilter.doFilter(LogoutFilter.java:89) ~[spring-security-web-5.5.2.jar:5.5.2]
	at org.springframework.security.web.FilterChainProxy$VirtualFilterChain.doFilter(FilterChainProxy.java:336) ~[spring-security-web-5.5.2.jar:5.5.2]
	at org.springframework.security.web.header.HeaderWriterFilter.doHeadersAfter(HeaderWriterFilter.java:90) ~[spring-security-web-5.5.2.jar:5.5.2]
	at org.springframework.security.web.header.HeaderWriterFilter.doFilterInternal(HeaderWriterFilter.java:75) ~[spring-security-web-5.5.2.jar:5.5.2]
	at org.springframework.web.filter.OncePerRequestFilter.doFilter(OncePerRequestFilter.java:119) ~[spring-web-5.3.9.jar:5.3.9]
	at org.springframework.security.web.FilterChainProxy$VirtualFilterChain.doFilter(FilterChainProxy.java:336) ~[spring-security-web-5.5.2.jar:5.5.2]
	at org.springframework.security.web.context.SecurityContextPersistenceFilter.doFilter(SecurityContextPersistenceFilter.java:110) ~[spring-security-web-5.5.2.jar:5.5.2]
	at org.springframework.security.web.context.SecurityContextPersistenceFilter.doFilter(SecurityContextPersistenceFilter.java:80) ~[spring-security-web-5.5.2.jar:5.5.2]
	at org.springframework.security.web.FilterChainProxy$VirtualFilterChain.doFilter(FilterChainProxy.java:336) ~[spring-security-web-5.5.2.jar:5.5.2]
	at org.springframework.security.web.context.request.async.WebAsyncManagerIntegrationFilter.doFilterInternal(WebAsyncManagerIntegrationFilter.java:55) ~[spring-security-web-5.5.2.jar:5.5.2]
	at org.springframework.web.filter.OncePerRequestFilter.doFilter(OncePerRequestFilter.java:119) ~[spring-web-5.3.9.jar:5.3.9]
	at org.springframework.security.web.FilterChainProxy$VirtualFilterChain.doFilter(FilterChainProxy.java:336) ~[spring-security-web-5.5.2.jar:5.5.2]
	at org.springframework.security.web.FilterChainProxy.doFilterInternal(FilterChainProxy.java:211) ~[spring-security-web-5.5.2.jar:5.5.2]
	at org.springframework.security.web.FilterChainProxy.doFilter(FilterChainProxy.java:183) ~[spring-security-web-5.5.2.jar:5.5.2]
	at org.springframework.web.filter.DelegatingFilterProxy.invokeDelegate(DelegatingFilterProxy.java:358) ~[spring-web-5.3.9.jar:5.3.9]
	at org.springframework.web.filter.DelegatingFilterProxy.doFilter(DelegatingFilterProxy.java:271) ~[spring-web-5.3.9.jar:5.3.9]
	at org.apache.catalina.core.ApplicationFilterChain.internalDoFilter(ApplicationFilterChain.java:189) ~[tomcat-embed-core-9.0.52.jar:9.0.52]
	at org.apache.catalina.core.ApplicationFilterChain.doFilter(ApplicationFilterChain.java:162) ~[tomcat-embed-core-9.0.52.jar:9.0.52]
	at org.springframework.web.filter.RequestContextFilter.doFilterInternal(RequestContextFilter.java:100) ~[spring-web-5.3.9.jar:5.3.9]
	at org.springframework.web.filter.OncePerRequestFilter.doFilter(OncePerRequestFilter.java:119) ~[spring-web-5.3.9.jar:5.3.9]
	at org.apache.catalina.core.ApplicationFilterChain.internalDoFilter(ApplicationFilterChain.java:189) ~[tomcat-embed-core-9.0.52.jar:9.0.52]
	at org.apache.catalina.core.ApplicationFilterChain.doFilter(ApplicationFilterChain.java:162) ~[tomcat-embed-core-9.0.52.jar:9.0.52]
	at org.springframework.web.filter.FormContentFilter.doFilterInternal(FormContentFilter.java:93) ~[spring-web-5.3.9.jar:5.3.9]
	at org.springframework.web.filter.OncePerRequestFilter.doFilter(OncePerRequestFilter.java:119) ~[spring-web-5.3.9.jar:5.3.9]
	at org.apache.catalina.core.ApplicationFilterChain.internalDoFilter(ApplicationFilterChain.java:189) ~[tomcat-embed-core-9.0.52.jar:9.0.52]
	at org.apache.catalina.core.ApplicationFilterChain.doFilter(ApplicationFilterChain.java:162) ~[tomcat-embed-core-9.0.52.jar:9.0.52]
	at org.springframework.web.filter.CharacterEncodingFilter.doFilterInternal(CharacterEncodingFilter.java:201) ~[spring-web-5.3.9.jar:5.3.9]
	at org.springframework.web.filter.OncePerRequestFilter.doFilter(OncePerRequestFilter.java:119) ~[spring-web-5.3.9.jar:5.3.9]
	at org.apache.catalina.core.ApplicationFilterChain.internalDoFilter(ApplicationFilterChain.java:189) ~[tomcat-embed-core-9.0.52.jar:9.0.52]
	at org.apache.catalina.core.ApplicationFilterChain.doFilter(ApplicationFilterChain.java:162) ~[tomcat-embed-core-9.0.52.jar:9.0.52]
	at org.apache.catalina.core.StandardWrapperValve.invoke(StandardWrapperValve.java:197) ~[tomcat-embed-core-9.0.52.jar:9.0.52]
	at org.apache.catalina.core.StandardContextValve.invoke(StandardContextValve.java:97) [tomcat-embed-core-9.0.52.jar:9.0.52]
	at org.apache.catalina.authenticator.AuthenticatorBase.invoke(AuthenticatorBase.java:542) [tomcat-embed-core-9.0.52.jar:9.0.52]
	at org.apache.catalina.core.StandardHostValve.invoke(StandardHostValve.java:135) [tomcat-embed-core-9.0.52.jar:9.0.52]
	at org.apache.catalina.valves.ErrorReportValve.invoke(ErrorReportValve.java:92) [tomcat-embed-core-9.0.52.jar:9.0.52]
	at org.apache.catalina.core.StandardEngineValve.invoke(StandardEngineValve.java:78) [tomcat-embed-core-9.0.52.jar:9.0.52]
	at org.apache.catalina.connector.CoyoteAdapter.service(CoyoteAdapter.java:357) [tomcat-embed-core-9.0.52.jar:9.0.52]
	at org.apache.coyote.http11.Http11Processor.service(Http11Processor.java:382) [tomcat-embed-core-9.0.52.jar:9.0.52]
	at org.apache.coyote.AbstractProcessorLight.process(AbstractProcessorLight.java:65) [tomcat-embed-core-9.0.52.jar:9.0.52]
	at org.apache.coyote.AbstractProtocol$ConnectionHandler.process(AbstractProtocol.java:893) [tomcat-embed-core-9.0.52.jar:9.0.52]
	at org.apache.tomcat.util.net.NioEndpoint$SocketProcessor.doRun(NioEndpoint.java:1726) [tomcat-embed-core-9.0.52.jar:9.0.52]
	at org.apache.tomcat.util.net.SocketProcessorBase.run(SocketProcessorBase.java:49) [tomcat-embed-core-9.0.52.jar:9.0.52]
	at org.apache.tomcat.util.threads.ThreadPoolExecutor.runWorker(ThreadPoolExecutor.java:1191) [tomcat-embed-core-9.0.52.jar:9.0.52]
	at org.apache.tomcat.util.threads.ThreadPoolExecutor$Worker.run(ThreadPoolExecutor.java:659) [tomcat-embed-core-9.0.52.jar:9.0.52]
	at org.apache.tomcat.util.threads.TaskThread$WrappingRunnable.run(TaskThread.java:61) [tomcat-embed-core-9.0.52.jar:9.0.52]
	at java.lang.Thread.run(Unknown Source) [na:1.8.0_281]

2021-08-26 15:33:37.894  INFO 16344 --- [RMI TCP Connection(6)-127.0.0.1] inMXBeanRegistrar$SpringApplicationAdmin : Application shutdown requested.
2021-08-26 15:33:38.483  INFO 16344 --- [RMI TCP Connection(6)-127.0.0.1] j.LocalContainerEntityManagerFactoryBean : Closing JPA EntityManagerFactory for persistence unit 'default'
2021-08-26 15:33:38.546  INFO 16344 --- [RMI TCP Connection(6)-127.0.0.1] com.zaxxer.hikari.HikariDataSource       : HikariPool-1 - Shutdown initiated...
2021-08-26 15:33:38.593  INFO 16344 --- [RMI TCP Connection(6)-127.0.0.1] com.zaxxer.hikari.HikariDataSource       : HikariPool-1 - Shutdown completed.
2021-08-26 15:33:43.834  INFO 21180 --- [main] c.e.demo.SecurityJwtDemo1Application     : Starting SecurityJwtDemo1Application using Java 1.8.0_281 on LAPTOP-PV39E17L with PID 21180 (D:\Jag\SpringToolSuitProjects\t3\security-jwt-demo-2\target\classes started by rjaga in D:\Jag\SpringToolSuitProjects\t3\security-jwt-demo-2)
2021-08-26 15:33:43.842  INFO 21180 --- [main] c.e.demo.SecurityJwtDemo1Application     : No active profile set, falling back to default profiles: default
2021-08-26 15:33:44.478  INFO 21180 --- [main] .s.d.r.c.RepositoryConfigurationDelegate : Bootstrapping Spring Data JPA repositories in DEFAULT mode.
2021-08-26 15:33:44.525  INFO 21180 --- [main] .s.d.r.c.RepositoryConfigurationDelegate : Finished Spring Data repository scanning in 40 ms. Found 1 JPA repository interfaces.
2021-08-26 15:33:45.076  INFO 21180 --- [main] o.s.b.w.embedded.tomcat.TomcatWebServer  : Tomcat initialized with port(s): 8080 (http)
2021-08-26 15:33:45.087  INFO 21180 --- [main] o.apache.catalina.core.StandardService   : Starting service [Tomcat]
2021-08-26 15:33:45.087  INFO 21180 --- [main] org.apache.catalina.core.StandardEngine  : Starting Servlet engine: [Apache Tomcat/9.0.52]
2021-08-26 15:33:45.199  INFO 21180 --- [main] o.a.c.c.C.[Tomcat].[localhost].[/]       : Initializing Spring embedded WebApplicationContext
2021-08-26 15:33:45.200  INFO 21180 --- [main] w.s.c.ServletWebServerApplicationContext : Root WebApplicationContext: initialization completed in 1316 ms
2021-08-26 15:33:45.407  INFO 21180 --- [main] o.hibernate.jpa.internal.util.LogHelper  : HHH000204: Processing PersistenceUnitInfo [name: default]
2021-08-26 15:33:45.450  INFO 21180 --- [main] org.hibernate.Version                    : HHH000412: Hibernate ORM core version 5.4.32.Final
2021-08-26 15:33:45.554  INFO 21180 --- [main] o.hibernate.annotations.common.Version   : HCANN000001: Hibernate Commons Annotations {5.1.2.Final}
2021-08-26 15:33:45.631  INFO 21180 --- [main] com.zaxxer.hikari.HikariDataSource       : HikariPool-1 - Starting...
2021-08-26 15:33:45.954  INFO 21180 --- [main] com.zaxxer.hikari.HikariDataSource       : HikariPool-1 - Start completed.
2021-08-26 15:33:45.967  INFO 21180 --- [main] org.hibernate.dialect.Dialect            : HHH000400: Using dialect: org.hibernate.dialect.MySQL8Dialect
2021-08-26 15:33:46.661  INFO 21180 --- [main] o.h.e.t.j.p.i.JtaPlatformInitiator       : HHH000490: Using JtaPlatform implementation: [org.hibernate.engine.transaction.jta.platform.internal.NoJtaPlatform]
2021-08-26 15:33:46.670  INFO 21180 --- [main] j.LocalContainerEntityManagerFactoryBean : Initialized JPA EntityManagerFactory for persistence unit 'default'
2021-08-26 15:33:46.955  WARN 21180 --- [main] JpaBaseConfiguration$JpaWebConfiguration : spring.jpa.open-in-view is enabled by default. Therefore, database queries may be performed during view rendering. Explicitly configure spring.jpa.open-in-view to disable this warning
2021-08-26 15:33:47.138  INFO 21180 --- [main] o.s.s.web.DefaultSecurityFilterChain     : Will secure any request with [org.springframework.security.web.context.request.async.WebAsyncManagerIntegrationFilter@23e61112, org.springframework.security.web.context.SecurityContextPersistenceFilter@3b5a19ed, org.springframework.security.web.header.HeaderWriterFilter@11810917, org.springframework.security.web.authentication.logout.LogoutFilter@2d4a3e13, com.example.demo.filter.JwtFilter@47a4eee2, org.springframework.security.web.savedrequest.RequestCacheAwareFilter@6b9c42bd, org.springframework.security.web.servletapi.SecurityContextHolderAwareRequestFilter@5ca4dce5, org.springframework.security.web.authentication.AnonymousAuthenticationFilter@58a7dc4, org.springframework.security.web.session.SessionManagementFilter@7781263c, org.springframework.security.web.access.ExceptionTranslationFilter@509a6095, org.springframework.security.web.access.intercept.FilterSecurityInterceptor@79ca7bea]
2021-08-26 15:33:47.570  INFO 21180 --- [main] o.s.b.w.embedded.tomcat.TomcatWebServer  : Tomcat started on port(s): 8080 (http) with context path ''
2021-08-26 15:33:47.579  INFO 21180 --- [main] c.e.demo.SecurityJwtDemo1Application     : Started SecurityJwtDemo1Application in 4.122 seconds (JVM running for 4.943)
2021-08-26 15:33:47.975  INFO 21180 --- [http-nio-8080-exec-1] o.a.c.c.C.[Tomcat].[localhost].[/]       : Initializing Spring DispatcherServlet 'dispatcherServlet'
2021-08-26 15:33:47.975  INFO 21180 --- [http-nio-8080-exec-1] o.s.web.servlet.DispatcherServlet        : Initializing Servlet 'dispatcherServlet'
2021-08-26 15:33:47.977  INFO 21180 --- [http-nio-8080-exec-1] o.s.web.servlet.DispatcherServlet        : Completed initialization in 2 ms
2021-08-26 16:13:37.985  INFO 21180 --- [RMI TCP Connection(42)-127.0.0.1] inMXBeanRegistrar$SpringApplicationAdmin : Application shutdown requested.
2021-08-26 16:13:38.723  INFO 21180 --- [RMI TCP Connection(42)-127.0.0.1] j.LocalContainerEntityManagerFactoryBean : Closing JPA EntityManagerFactory for persistence unit 'default'
2021-08-26 16:13:38.805  INFO 21180 --- [RMI TCP Connection(42)-127.0.0.1] com.zaxxer.hikari.HikariDataSource       : HikariPool-1 - Shutdown initiated...
2021-08-26 16:13:38.843  INFO 21180 --- [RMI TCP Connection(42)-127.0.0.1] com.zaxxer.hikari.HikariDataSource       : HikariPool-1 - Shutdown completed.
2021-08-26 16:13:44.723  INFO 2964 --- [main] c.e.demo.SecurityJwtDemo1Application     : Starting SecurityJwtDemo1Application using Java 1.8.0_281 on LAPTOP-PV39E17L with PID 2964 (D:\Jag\SpringToolSuitProjects\t3\security-jwt-demo-2\target\classes started by rjaga in D:\Jag\SpringToolSuitProjects\t3\security-jwt-demo-2)
2021-08-26 16:13:44.725  INFO 2964 --- [main] c.e.demo.SecurityJwtDemo1Application     : No active profile set, falling back to default profiles: default
2021-08-26 16:13:45.710  INFO 2964 --- [main] .s.d.r.c.RepositoryConfigurationDelegate : Bootstrapping Spring Data JPA repositories in DEFAULT mode.
2021-08-26 16:13:45.783  INFO 2964 --- [main] .s.d.r.c.RepositoryConfigurationDelegate : Finished Spring Data repository scanning in 62 ms. Found 1 JPA repository interfaces.
2021-08-26 16:13:46.559  INFO 2964 --- [main] o.s.b.w.embedded.tomcat.TomcatWebServer  : Tomcat initialized with port(s): 8080 (http)
2021-08-26 16:13:46.573  INFO 2964 --- [main] o.apache.catalina.core.StandardService   : Starting service [Tomcat]
2021-08-26 16:13:46.574  INFO 2964 --- [main] org.apache.catalina.core.StandardEngine  : Starting Servlet engine: [Apache Tomcat/9.0.52]
2021-08-26 16:13:46.701  INFO 2964 --- [main] o.a.c.c.C.[Tomcat].[localhost].[/]       : Initializing Spring embedded WebApplicationContext
2021-08-26 16:13:46.702  INFO 2964 --- [main] w.s.c.ServletWebServerApplicationContext : Root WebApplicationContext: initialization completed in 1934 ms
2021-08-26 16:13:47.027  INFO 2964 --- [main] o.hibernate.jpa.internal.util.LogHelper  : HHH000204: Processing PersistenceUnitInfo [name: default]
2021-08-26 16:13:47.110  INFO 2964 --- [main] org.hibernate.Version                    : HHH000412: Hibernate ORM core version 5.4.32.Final
2021-08-26 16:13:47.379  INFO 2964 --- [main] o.hibernate.annotations.common.Version   : HCANN000001: Hibernate Commons Annotations {5.1.2.Final}
2021-08-26 16:13:47.523  INFO 2964 --- [main] com.zaxxer.hikari.HikariDataSource       : HikariPool-1 - Starting...
2021-08-26 16:13:47.924  INFO 2964 --- [main] com.zaxxer.hikari.HikariDataSource       : HikariPool-1 - Start completed.
2021-08-26 16:13:47.953  INFO 2964 --- [main] org.hibernate.dialect.Dialect            : HHH000400: Using dialect: org.hibernate.dialect.MySQL8Dialect
2021-08-26 16:13:48.850  INFO 2964 --- [main] o.h.e.t.j.p.i.JtaPlatformInitiator       : HHH000490: Using JtaPlatform implementation: [org.hibernate.engine.transaction.jta.platform.internal.NoJtaPlatform]
2021-08-26 16:13:48.861  INFO 2964 --- [main] j.LocalContainerEntityManagerFactoryBean : Initialized JPA EntityManagerFactory for persistence unit 'default'
2021-08-26 16:13:49.138  WARN 2964 --- [main] JpaBaseConfiguration$JpaWebConfiguration : spring.jpa.open-in-view is enabled by default. Therefore, database queries may be performed during view rendering. Explicitly configure spring.jpa.open-in-view to disable this warning
2021-08-26 16:13:49.300  INFO 2964 --- [main] o.s.s.web.DefaultSecurityFilterChain     : Will secure any request with [org.springframework.security.web.context.request.async.WebAsyncManagerIntegrationFilter@340afaf8, org.springframework.security.web.context.SecurityContextPersistenceFilter@37d3e140, org.springframework.security.web.header.HeaderWriterFilter@cbf1997, org.springframework.security.web.authentication.logout.LogoutFilter@37775bb1, com.example.demo.filter.JwtFilter@1472208d, org.springframework.security.web.savedrequest.RequestCacheAwareFilter@33eb0d4, org.springframework.security.web.servletapi.SecurityContextHolderAwareRequestFilter@6169be09, org.springframework.security.web.authentication.AnonymousAuthenticationFilter@6238d5e0, org.springframework.security.web.session.SessionManagementFilter@584ca390, org.springframework.security.web.access.ExceptionTranslationFilter@13278a41, org.springframework.security.web.access.intercept.FilterSecurityInterceptor@147cc940]
2021-08-26 16:13:49.644  INFO 2964 --- [main] o.s.b.w.embedded.tomcat.TomcatWebServer  : Tomcat started on port(s): 8080 (http) with context path ''
2021-08-26 16:13:49.651  INFO 2964 --- [main] c.e.demo.SecurityJwtDemo1Application     : Started SecurityJwtDemo1Application in 5.415 seconds (JVM running for 6.87)
2021-08-26 16:14:20.272  INFO 2964 --- [http-nio-8080-exec-1] o.a.c.c.C.[Tomcat].[localhost].[/]       : Initializing Spring DispatcherServlet 'dispatcherServlet'
2021-08-26 16:14:20.382  INFO 2964 --- [http-nio-8080-exec-1] o.s.web.servlet.DispatcherServlet        : Initializing Servlet 'dispatcherServlet'
2021-08-26 16:14:20.405  INFO 2964 --- [http-nio-8080-exec-1] o.s.web.servlet.DispatcherServlet        : Completed initialization in 23 ms
2021-08-26 16:16:49.065  INFO 2964 --- [RMI TCP Connection(6)-127.0.0.1] inMXBeanRegistrar$SpringApplicationAdmin : Application shutdown requested.
2021-08-26 16:16:49.670  INFO 2964 --- [RMI TCP Connection(6)-127.0.0.1] j.LocalContainerEntityManagerFactoryBean : Closing JPA EntityManagerFactory for persistence unit 'default'
2021-08-26 16:16:49.702  INFO 2964 --- [RMI TCP Connection(6)-127.0.0.1] com.zaxxer.hikari.HikariDataSource       : HikariPool-1 - Shutdown initiated...
2021-08-26 16:16:49.729  INFO 2964 --- [RMI TCP Connection(6)-127.0.0.1] com.zaxxer.hikari.HikariDataSource       : HikariPool-1 - Shutdown completed.
2021-08-26 16:16:54.157  INFO 12060 --- [main] c.e.demo.SecurityJwtDemo1Application     : Starting SecurityJwtDemo1Application using Java 1.8.0_281 on LAPTOP-PV39E17L with PID 12060 (D:\Jag\SpringToolSuitProjects\t3\security-jwt-demo-2\target\classes started by rjaga in D:\Jag\SpringToolSuitProjects\t3\security-jwt-demo-2)
2021-08-26 16:16:54.159  INFO 12060 --- [main] c.e.demo.SecurityJwtDemo1Application     : No active profile set, falling back to default profiles: default
2021-08-26 16:16:54.619  INFO 12060 --- [main] .s.d.r.c.RepositoryConfigurationDelegate : Bootstrapping Spring Data JPA repositories in DEFAULT mode.
2021-08-26 16:16:54.660  INFO 12060 --- [main] .s.d.r.c.RepositoryConfigurationDelegate : Finished Spring Data repository scanning in 33 ms. Found 1 JPA repository interfaces.
2021-08-26 16:16:55.083  INFO 12060 --- [main] o.s.b.w.embedded.tomcat.TomcatWebServer  : Tomcat initialized with port(s): 8080 (http)
2021-08-26 16:16:55.095  INFO 12060 --- [main] o.apache.catalina.core.StandardService   : Starting service [Tomcat]
2021-08-26 16:16:55.095  INFO 12060 --- [main] org.apache.catalina.core.StandardEngine  : Starting Servlet engine: [Apache Tomcat/9.0.52]
2021-08-26 16:16:55.155  INFO 12060 --- [main] o.a.c.c.C.[Tomcat].[localhost].[/]       : Initializing Spring embedded WebApplicationContext
2021-08-26 16:16:55.156  INFO 12060 --- [main] w.s.c.ServletWebServerApplicationContext : Root WebApplicationContext: initialization completed in 956 ms
2021-08-26 16:16:55.283  INFO 12060 --- [main] o.hibernate.jpa.internal.util.LogHelper  : HHH000204: Processing PersistenceUnitInfo [name: default]
2021-08-26 16:16:55.319  INFO 12060 --- [main] org.hibernate.Version                    : HHH000412: Hibernate ORM core version 5.4.32.Final
2021-08-26 16:16:55.411  INFO 12060 --- [main] o.hibernate.annotations.common.Version   : HCANN000001: Hibernate Commons Annotations {5.1.2.Final}
2021-08-26 16:16:55.501  INFO 12060 --- [main] com.zaxxer.hikari.HikariDataSource       : HikariPool-1 - Starting...
2021-08-26 16:16:55.820  INFO 12060 --- [main] com.zaxxer.hikari.HikariDataSource       : HikariPool-1 - Start completed.
2021-08-26 16:16:55.845  INFO 12060 --- [main] org.hibernate.dialect.Dialect            : HHH000400: Using dialect: org.hibernate.dialect.MySQL8Dialect
2021-08-26 16:16:56.281  INFO 12060 --- [main] o.h.e.t.j.p.i.JtaPlatformInitiator       : HHH000490: Using JtaPlatform implementation: [org.hibernate.engine.transaction.jta.platform.internal.NoJtaPlatform]
2021-08-26 16:16:56.289  INFO 12060 --- [main] j.LocalContainerEntityManagerFactoryBean : Initialized JPA EntityManagerFactory for persistence unit 'default'
2021-08-26 16:16:56.503  WARN 12060 --- [main] JpaBaseConfiguration$JpaWebConfiguration : spring.jpa.open-in-view is enabled by default. Therefore, database queries may be performed during view rendering. Explicitly configure spring.jpa.open-in-view to disable this warning
2021-08-26 16:16:56.610  INFO 12060 --- [main] o.s.s.web.DefaultSecurityFilterChain     : Will secure any request with [org.springframework.security.web.context.request.async.WebAsyncManagerIntegrationFilter@2c8b8de0, org.springframework.security.web.context.SecurityContextPersistenceFilter@33eb0d4, org.springframework.security.web.header.HeaderWriterFilter@5faeeb56, org.springframework.security.web.authentication.logout.LogoutFilter@2d206a71, com.example.demo.filter.JwtFilter@6de004f1, org.springframework.security.web.savedrequest.RequestCacheAwareFilter@a3cba3a, org.springframework.security.web.servletapi.SecurityContextHolderAwareRequestFilter@5fb54740, org.springframework.security.web.authentication.AnonymousAuthenticationFilter@4fb57fb3, org.springframework.security.web.session.SessionManagementFilter@37d3e140, org.springframework.security.web.access.ExceptionTranslationFilter@3ab595c8, org.springframework.security.web.access.intercept.FilterSecurityInterceptor@5122e4bf]
2021-08-26 16:16:56.865  INFO 12060 --- [main] o.s.b.w.embedded.tomcat.TomcatWebServer  : Tomcat started on port(s): 8080 (http) with context path ''
2021-08-26 16:16:56.872  INFO 12060 --- [main] c.e.demo.SecurityJwtDemo1Application     : Started SecurityJwtDemo1Application in 2.995 seconds (JVM running for 3.644)
2021-08-26 16:17:04.781  INFO 12060 --- [http-nio-8080-exec-1] o.a.c.c.C.[Tomcat].[localhost].[/]       : Initializing Spring DispatcherServlet 'dispatcherServlet'
2021-08-26 16:17:04.782  INFO 12060 --- [http-nio-8080-exec-1] o.s.web.servlet.DispatcherServlet        : Initializing Servlet 'dispatcherServlet'
2021-08-26 16:17:04.784  INFO 12060 --- [http-nio-8080-exec-1] o.s.web.servlet.DispatcherServlet        : Completed initialization in 2 ms
2021-08-26 16:24:52.458  WARN 12060 --- [http-nio-8080-exec-7] .w.s.m.s.DefaultHandlerExceptionResolver : Resolved [org.springframework.web.HttpMediaTypeNotSupportedException: Content type 'text/plain;charset=UTF-8' not supported]
2021-08-26 16:26:01.637  WARN 12060 --- [http-nio-8080-exec-8] .w.s.m.s.DefaultHandlerExceptionResolver : Resolved [org.springframework.web.HttpMediaTypeNotSupportedException: Content type 'text/plain;charset=UTF-8' not supported]
2021-08-26 16:26:43.372  WARN 12060 --- [http-nio-8080-exec-9] .w.s.m.s.DefaultHandlerExceptionResolver : Resolved [org.springframework.web.HttpMediaTypeNotSupportedException: Content type 'text/plain;charset=UTF-8' not supported]
2021-08-26 16:26:49.085  WARN 12060 --- [http-nio-8080-exec-10] .w.s.m.s.DefaultHandlerExceptionResolver : Resolved [org.springframework.web.HttpMediaTypeNotSupportedException: Content type 'text/plain;charset=UTF-8' not supported]
2021-08-26 16:34:07.918  WARN 12060 --- [http-nio-8080-exec-8] .w.s.m.s.DefaultHandlerExceptionResolver : Resolved [org.springframework.http.converter.HttpMessageNotReadableException: Required request body is missing: public java.lang.String com.example.demo.controller.MyController.authenticate(com.example.demo.entity.AuthRequest) throws java.lang.Exception]
2021-08-26 16:36:11.241  INFO 12060 --- [RMI TCP Connection(22)-127.0.0.1] inMXBeanRegistrar$SpringApplicationAdmin : Application shutdown requested.
2021-08-26 16:36:11.869  INFO 12060 --- [RMI TCP Connection(22)-127.0.0.1] j.LocalContainerEntityManagerFactoryBean : Closing JPA EntityManagerFactory for persistence unit 'default'
2021-08-26 16:36:11.935  INFO 12060 --- [RMI TCP Connection(22)-127.0.0.1] com.zaxxer.hikari.HikariDataSource       : HikariPool-1 - Shutdown initiated...
2021-08-26 16:36:11.983  INFO 12060 --- [RMI TCP Connection(22)-127.0.0.1] com.zaxxer.hikari.HikariDataSource       : HikariPool-1 - Shutdown completed.
2021-08-26 16:36:18.043  INFO 12120 --- [main] c.e.demo.SecurityJwtDemo1Application     : Starting SecurityJwtDemo1Application using Java 1.8.0_281 on LAPTOP-PV39E17L with PID 12120 (D:\Jag\SpringToolSuitProjects\t3\security-jwt-demo-2\target\classes started by rjaga in D:\Jag\SpringToolSuitProjects\t3\security-jwt-demo-2)
2021-08-26 16:36:18.049  INFO 12120 --- [main] c.e.demo.SecurityJwtDemo1Application     : No active profile set, falling back to default profiles: default
2021-08-26 16:36:18.770  INFO 12120 --- [main] .s.d.r.c.RepositoryConfigurationDelegate : Bootstrapping Spring Data JPA repositories in DEFAULT mode.
2021-08-26 16:36:18.823  INFO 12120 --- [main] .s.d.r.c.RepositoryConfigurationDelegate : Finished Spring Data repository scanning in 42 ms. Found 1 JPA repository interfaces.
2021-08-26 16:36:19.469  INFO 12120 --- [main] o.s.b.w.embedded.tomcat.TomcatWebServer  : Tomcat initialized with port(s): 8080 (http)
2021-08-26 16:36:19.477  INFO 12120 --- [main] o.apache.catalina.core.StandardService   : Starting service [Tomcat]
2021-08-26 16:36:19.477  INFO 12120 --- [main] org.apache.catalina.core.StandardEngine  : Starting Servlet engine: [Apache Tomcat/9.0.52]
2021-08-26 16:36:19.575  INFO 12120 --- [main] o.a.c.c.C.[Tomcat].[localhost].[/]       : Initializing Spring embedded WebApplicationContext
2021-08-26 16:36:19.575  INFO 12120 --- [main] w.s.c.ServletWebServerApplicationContext : Root WebApplicationContext: initialization completed in 1479 ms
2021-08-26 16:36:19.752  INFO 12120 --- [main] o.hibernate.jpa.internal.util.LogHelper  : HHH000204: Processing PersistenceUnitInfo [name: default]
2021-08-26 16:36:19.824  INFO 12120 --- [main] org.hibernate.Version                    : HHH000412: Hibernate ORM core version 5.4.32.Final
2021-08-26 16:36:19.997  INFO 12120 --- [main] o.hibernate.annotations.common.Version   : HCANN000001: Hibernate Commons Annotations {5.1.2.Final}
2021-08-26 16:36:20.133  INFO 12120 --- [main] com.zaxxer.hikari.HikariDataSource       : HikariPool-1 - Starting...
2021-08-26 16:36:20.498  INFO 12120 --- [main] com.zaxxer.hikari.HikariDataSource       : HikariPool-1 - Start completed.
2021-08-26 16:36:20.514  INFO 12120 --- [main] org.hibernate.dialect.Dialect            : HHH000400: Using dialect: org.hibernate.dialect.MySQL8Dialect
2021-08-26 16:36:21.232  INFO 12120 --- [main] o.h.e.t.j.p.i.JtaPlatformInitiator       : HHH000490: Using JtaPlatform implementation: [org.hibernate.engine.transaction.jta.platform.internal.NoJtaPlatform]
2021-08-26 16:36:21.244  INFO 12120 --- [main] j.LocalContainerEntityManagerFactoryBean : Initialized JPA EntityManagerFactory for persistence unit 'default'
2021-08-26 16:36:21.516  WARN 12120 --- [main] JpaBaseConfiguration$JpaWebConfiguration : spring.jpa.open-in-view is enabled by default. Therefore, database queries may be performed during view rendering. Explicitly configure spring.jpa.open-in-view to disable this warning
2021-08-26 16:36:21.645  INFO 12120 --- [main] o.s.s.web.DefaultSecurityFilterChain     : Will secure any request with [org.springframework.security.web.context.request.async.WebAsyncManagerIntegrationFilter@340afaf8, org.springframework.security.web.context.SecurityContextPersistenceFilter@37d3e140, org.springframework.security.web.header.HeaderWriterFilter@cbf1997, org.springframework.security.web.authentication.logout.LogoutFilter@37775bb1, com.example.demo.filter.JwtFilter@1472208d, org.springframework.security.web.savedrequest.RequestCacheAwareFilter@33eb0d4, org.springframework.security.web.servletapi.SecurityContextHolderAwareRequestFilter@6169be09, org.springframework.security.web.authentication.AnonymousAuthenticationFilter@6238d5e0, org.springframework.security.web.session.SessionManagementFilter@584ca390, org.springframework.security.web.access.ExceptionTranslationFilter@13278a41, org.springframework.security.web.access.intercept.FilterSecurityInterceptor@147cc940]
2021-08-26 16:36:21.942  INFO 12120 --- [main] o.s.b.w.embedded.tomcat.TomcatWebServer  : Tomcat started on port(s): 8080 (http) with context path ''
2021-08-26 16:36:21.949  INFO 12120 --- [main] c.e.demo.SecurityJwtDemo1Application     : Started SecurityJwtDemo1Application in 4.504 seconds (JVM running for 5.971)
2021-08-26 16:36:26.793  INFO 12120 --- [http-nio-8080-exec-1] o.a.c.c.C.[Tomcat].[localhost].[/]       : Initializing Spring DispatcherServlet 'dispatcherServlet'
2021-08-26 16:36:26.794  INFO 12120 --- [http-nio-8080-exec-1] o.s.web.servlet.DispatcherServlet        : Initializing Servlet 'dispatcherServlet'
2021-08-26 16:36:26.795  INFO 12120 --- [http-nio-8080-exec-1] o.s.web.servlet.DispatcherServlet        : Completed initialization in 1 ms
2021-08-26 16:41:19.005  INFO 12120 --- [RMI TCP Connection(8)-127.0.0.1] inMXBeanRegistrar$SpringApplicationAdmin : Application shutdown requested.
2021-08-26 16:41:19.733  INFO 12120 --- [RMI TCP Connection(8)-127.0.0.1] j.LocalContainerEntityManagerFactoryBean : Closing JPA EntityManagerFactory for persistence unit 'default'
2021-08-26 16:41:19.779  INFO 12120 --- [RMI TCP Connection(8)-127.0.0.1] com.zaxxer.hikari.HikariDataSource       : HikariPool-1 - Shutdown initiated...
2021-08-26 16:41:19.808  INFO 12120 --- [RMI TCP Connection(8)-127.0.0.1] com.zaxxer.hikari.HikariDataSource       : HikariPool-1 - Shutdown completed.
2021-08-26 16:41:25.418  INFO 21132 --- [main] c.e.demo.SecurityJwtDemo1Application     : Starting SecurityJwtDemo1Application using Java 1.8.0_281 on LAPTOP-PV39E17L with PID 21132 (D:\Jag\SpringToolSuitProjects\t3\security-jwt-demo-2\target\classes started by rjaga in D:\Jag\SpringToolSuitProjects\t3\security-jwt-demo-2)
2021-08-26 16:41:25.442  INFO 21132 --- [main] c.e.demo.SecurityJwtDemo1Application     : No active profile set, falling back to default profiles: default
2021-08-26 16:41:26.461  INFO 21132 --- [main] .s.d.r.c.RepositoryConfigurationDelegate : Bootstrapping Spring Data JPA repositories in DEFAULT mode.
2021-08-26 16:41:26.547  INFO 21132 --- [main] .s.d.r.c.RepositoryConfigurationDelegate : Finished Spring Data repository scanning in 72 ms. Found 1 JPA repository interfaces.
2021-08-26 16:41:27.160  INFO 21132 --- [main] o.s.b.w.embedded.tomcat.TomcatWebServer  : Tomcat initialized with port(s): 8080 (http)
2021-08-26 16:41:27.168  INFO 21132 --- [main] o.apache.catalina.core.StandardService   : Starting service [Tomcat]
2021-08-26 16:41:27.168  INFO 21132 --- [main] org.apache.catalina.core.StandardEngine  : Starting Servlet engine: [Apache Tomcat/9.0.52]
2021-08-26 16:41:27.266  INFO 21132 --- [main] o.a.c.c.C.[Tomcat].[localhost].[/]       : Initializing Spring embedded WebApplicationContext
2021-08-26 16:41:27.267  INFO 21132 --- [main] w.s.c.ServletWebServerApplicationContext : Root WebApplicationContext: initialization completed in 1764 ms
2021-08-26 16:41:27.430  INFO 21132 --- [main] o.hibernate.jpa.internal.util.LogHelper  : HHH000204: Processing PersistenceUnitInfo [name: default]
2021-08-26 16:41:27.480  INFO 21132 --- [main] org.hibernate.Version                    : HHH000412: Hibernate ORM core version 5.4.32.Final
2021-08-26 16:41:27.628  INFO 21132 --- [main] o.hibernate.annotations.common.Version   : HCANN000001: Hibernate Commons Annotations {5.1.2.Final}
2021-08-26 16:41:27.750  INFO 21132 --- [main] com.zaxxer.hikari.HikariDataSource       : HikariPool-1 - Starting...
2021-08-26 16:41:28.076  INFO 21132 --- [main] com.zaxxer.hikari.HikariDataSource       : HikariPool-1 - Start completed.
2021-08-26 16:41:28.089  INFO 21132 --- [main] org.hibernate.dialect.Dialect            : HHH000400: Using dialect: org.hibernate.dialect.MySQL8Dialect
2021-08-26 16:41:28.758  INFO 21132 --- [main] o.h.e.t.j.p.i.JtaPlatformInitiator       : HHH000490: Using JtaPlatform implementation: [org.hibernate.engine.transaction.jta.platform.internal.NoJtaPlatform]
2021-08-26 16:41:28.769  INFO 21132 --- [main] j.LocalContainerEntityManagerFactoryBean : Initialized JPA EntityManagerFactory for persistence unit 'default'
2021-08-26 16:41:28.994  WARN 21132 --- [main] JpaBaseConfiguration$JpaWebConfiguration : spring.jpa.open-in-view is enabled by default. Therefore, database queries may be performed during view rendering. Explicitly configure spring.jpa.open-in-view to disable this warning
2021-08-26 16:41:29.270  INFO 21132 --- [main] o.s.s.web.DefaultSecurityFilterChain     : Will secure any request with [org.springframework.security.web.context.request.async.WebAsyncManagerIntegrationFilter@7b5021d1, org.springframework.security.web.context.SecurityContextPersistenceFilter@5ca4dce5, org.springframework.security.web.header.HeaderWriterFilter@5fdd97c1, org.springframework.web.filter.CorsFilter@6befbb12, org.springframework.security.web.authentication.logout.LogoutFilter@1e2445f6, com.example.demo.filter.JwtFilter@45d56062, org.springframework.security.web.savedrequest.RequestCacheAwareFilter@7d133fb7, org.springframework.security.web.servletapi.SecurityContextHolderAwareRequestFilter@703e8050, org.springframework.security.web.authentication.AnonymousAuthenticationFilter@21d9cd04, org.springframework.security.web.session.SessionManagementFilter@a3cba3a, org.springframework.security.web.access.ExceptionTranslationFilter@5faeeb56, org.springframework.security.web.access.intercept.FilterSecurityInterceptor@1cde374]
2021-08-26 16:41:29.441  INFO 21132 --- [main] o.s.b.w.embedded.tomcat.TomcatWebServer  : Tomcat started on port(s): 8080 (http) with context path ''
2021-08-26 16:41:29.448  INFO 21132 --- [main] c.e.demo.SecurityJwtDemo1Application     : Started SecurityJwtDemo1Application in 4.468 seconds (JVM running for 6.11)
2021-08-26 16:41:35.110  INFO 21132 --- [http-nio-8080-exec-1] o.a.c.c.C.[Tomcat].[localhost].[/]       : Initializing Spring DispatcherServlet 'dispatcherServlet'
2021-08-26 16:41:35.110  INFO 21132 --- [http-nio-8080-exec-1] o.s.web.servlet.DispatcherServlet        : Initializing Servlet 'dispatcherServlet'
2021-08-26 16:41:35.111  INFO 21132 --- [http-nio-8080-exec-1] o.s.web.servlet.DispatcherServlet        : Completed initialization in 1 ms
2021-08-26 16:42:25.229  INFO 21132 --- [RMI TCP Connection(3)-127.0.0.1] inMXBeanRegistrar$SpringApplicationAdmin : Application shutdown requested.
2021-08-26 16:42:25.680  INFO 21132 --- [RMI TCP Connection(3)-127.0.0.1] j.LocalContainerEntityManagerFactoryBean : Closing JPA EntityManagerFactory for persistence unit 'default'
2021-08-26 16:42:25.719  INFO 21132 --- [RMI TCP Connection(3)-127.0.0.1] com.zaxxer.hikari.HikariDataSource       : HikariPool-1 - Shutdown initiated...
2021-08-26 16:42:25.746  INFO 21132 --- [RMI TCP Connection(3)-127.0.0.1] com.zaxxer.hikari.HikariDataSource       : HikariPool-1 - Shutdown completed.
2021-08-26 16:42:29.993  INFO 10972 --- [main] c.e.demo.SecurityJwtDemo1Application     : Starting SecurityJwtDemo1Application using Java 1.8.0_281 on LAPTOP-PV39E17L with PID 10972 (D:\Jag\SpringToolSuitProjects\t3\security-jwt-demo-2\target\classes started by rjaga in D:\Jag\SpringToolSuitProjects\t3\security-jwt-demo-2)
2021-08-26 16:42:29.995  INFO 10972 --- [main] c.e.demo.SecurityJwtDemo1Application     : No active profile set, falling back to default profiles: default
2021-08-26 16:42:30.524  INFO 10972 --- [main] .s.d.r.c.RepositoryConfigurationDelegate : Bootstrapping Spring Data JPA repositories in DEFAULT mode.
2021-08-26 16:42:30.563  INFO 10972 --- [main] .s.d.r.c.RepositoryConfigurationDelegate : Finished Spring Data repository scanning in 33 ms. Found 1 JPA repository interfaces.
2021-08-26 16:42:31.014  INFO 10972 --- [main] o.s.b.w.embedded.tomcat.TomcatWebServer  : Tomcat initialized with port(s): 8080 (http)
2021-08-26 16:42:31.019  INFO 10972 --- [main] o.apache.catalina.core.StandardService   : Starting service [Tomcat]
2021-08-26 16:42:31.020  INFO 10972 --- [main] org.apache.catalina.core.StandardEngine  : Starting Servlet engine: [Apache Tomcat/9.0.52]
2021-08-26 16:42:31.080  INFO 10972 --- [main] o.a.c.c.C.[Tomcat].[localhost].[/]       : Initializing Spring embedded WebApplicationContext
2021-08-26 16:42:31.080  INFO 10972 --- [main] w.s.c.ServletWebServerApplicationContext : Root WebApplicationContext: initialization completed in 1046 ms
2021-08-26 16:42:31.212  INFO 10972 --- [main] o.hibernate.jpa.internal.util.LogHelper  : HHH000204: Processing PersistenceUnitInfo [name: default]
2021-08-26 16:42:31.245  INFO 10972 --- [main] org.hibernate.Version                    : HHH000412: Hibernate ORM core version 5.4.32.Final
2021-08-26 16:42:31.341  INFO 10972 --- [main] o.hibernate.annotations.common.Version   : HCANN000001: Hibernate Commons Annotations {5.1.2.Final}
2021-08-26 16:42:31.409  INFO 10972 --- [main] com.zaxxer.hikari.HikariDataSource       : HikariPool-1 - Starting...
2021-08-26 16:42:31.688  INFO 10972 --- [main] com.zaxxer.hikari.HikariDataSource       : HikariPool-1 - Start completed.
2021-08-26 16:42:31.703  INFO 10972 --- [main] org.hibernate.dialect.Dialect            : HHH000400: Using dialect: org.hibernate.dialect.MySQL8Dialect
2021-08-26 16:42:32.309  INFO 10972 --- [main] o.h.e.t.j.p.i.JtaPlatformInitiator       : HHH000490: Using JtaPlatform implementation: [org.hibernate.engine.transaction.jta.platform.internal.NoJtaPlatform]
2021-08-26 16:42:32.323  INFO 10972 --- [main] j.LocalContainerEntityManagerFactoryBean : Initialized JPA EntityManagerFactory for persistence unit 'default'
2021-08-26 16:42:32.622  WARN 10972 --- [main] JpaBaseConfiguration$JpaWebConfiguration : spring.jpa.open-in-view is enabled by default. Therefore, database queries may be performed during view rendering. Explicitly configure spring.jpa.open-in-view to disable this warning
2021-08-26 16:42:33.100  INFO 10972 --- [main] o.s.s.web.DefaultSecurityFilterChain     : Will secure any request with [org.springframework.security.web.context.request.async.WebAsyncManagerIntegrationFilter@3ace6346, org.springframework.security.web.context.SecurityContextPersistenceFilter@5c448ef, org.springframework.security.web.header.HeaderWriterFilter@a3cba3a, org.springframework.web.filter.CorsFilter@4e48462d, org.springframework.security.web.authentication.logout.LogoutFilter@42a0786f, com.example.demo.filter.JwtFilter@517704, org.springframework.security.web.savedrequest.RequestCacheAwareFilter@49c1e294, org.springframework.security.web.servletapi.SecurityContextHolderAwareRequestFilter@d8835af, org.springframework.security.web.authentication.AnonymousAuthenticationFilter@17216605, org.springframework.security.web.session.SessionManagementFilter@325162e9, org.springframework.security.web.access.ExceptionTranslationFilter@37d3e140, org.springframework.security.web.access.intercept.FilterSecurityInterceptor@21d9cd04]
2021-08-26 16:42:33.275  INFO 10972 --- [main] o.s.b.w.embedded.tomcat.TomcatWebServer  : Tomcat started on port(s): 8080 (http) with context path ''
2021-08-26 16:42:33.283  INFO 10972 --- [main] c.e.demo.SecurityJwtDemo1Application     : Started SecurityJwtDemo1Application in 3.601 seconds (JVM running for 4.281)
2021-08-26 16:42:38.847  INFO 10972 --- [http-nio-8080-exec-1] o.a.c.c.C.[Tomcat].[localhost].[/]       : Initializing Spring DispatcherServlet 'dispatcherServlet'
2021-08-26 16:42:38.848  INFO 10972 --- [http-nio-8080-exec-1] o.s.web.servlet.DispatcherServlet        : Initializing Servlet 'dispatcherServlet'
2021-08-26 16:42:38.850  INFO 10972 --- [http-nio-8080-exec-1] o.s.web.servlet.DispatcherServlet        : Completed initialization in 2 ms
2021-08-26 16:43:02.571  INFO 10972 --- [RMI TCP Connection(3)-127.0.0.1] inMXBeanRegistrar$SpringApplicationAdmin : Application shutdown requested.
2021-08-26 16:43:02.877  INFO 10972 --- [RMI TCP Connection(3)-127.0.0.1] j.LocalContainerEntityManagerFactoryBean : Closing JPA EntityManagerFactory for persistence unit 'default'
2021-08-26 16:43:02.895  INFO 10972 --- [RMI TCP Connection(3)-127.0.0.1] com.zaxxer.hikari.HikariDataSource       : HikariPool-1 - Shutdown initiated...
2021-08-26 16:43:02.909  INFO 10972 --- [RMI TCP Connection(3)-127.0.0.1] com.zaxxer.hikari.HikariDataSource       : HikariPool-1 - Shutdown completed.
2021-08-26 16:43:07.192  INFO 14880 --- [main] c.e.demo.SecurityJwtDemo1Application     : Starting SecurityJwtDemo1Application using Java 1.8.0_281 on LAPTOP-PV39E17L with PID 14880 (D:\Jag\SpringToolSuitProjects\t3\security-jwt-demo-2\target\classes started by rjaga in D:\Jag\SpringToolSuitProjects\t3\security-jwt-demo-2)
2021-08-26 16:43:07.194  INFO 14880 --- [main] c.e.demo.SecurityJwtDemo1Application     : No active profile set, falling back to default profiles: default
2021-08-26 16:43:07.779  INFO 14880 --- [main] .s.d.r.c.RepositoryConfigurationDelegate : Bootstrapping Spring Data JPA repositories in DEFAULT mode.
2021-08-26 16:43:07.837  INFO 14880 --- [main] .s.d.r.c.RepositoryConfigurationDelegate : Finished Spring Data repository scanning in 51 ms. Found 1 JPA repository interfaces.
2021-08-26 16:43:08.233  INFO 14880 --- [main] o.s.b.w.embedded.tomcat.TomcatWebServer  : Tomcat initialized with port(s): 8080 (http)
2021-08-26 16:43:08.240  INFO 14880 --- [main] o.apache.catalina.core.StandardService   : Starting service [Tomcat]
2021-08-26 16:43:08.241  INFO 14880 --- [main] org.apache.catalina.core.StandardEngine  : Starting Servlet engine: [Apache Tomcat/9.0.52]
2021-08-26 16:43:08.317  INFO 14880 --- [main] o.a.c.c.C.[Tomcat].[localhost].[/]       : Initializing Spring embedded WebApplicationContext
2021-08-26 16:43:08.318  INFO 14880 --- [main] w.s.c.ServletWebServerApplicationContext : Root WebApplicationContext: initialization completed in 1047 ms
2021-08-26 16:43:08.469  INFO 14880 --- [main] o.hibernate.jpa.internal.util.LogHelper  : HHH000204: Processing PersistenceUnitInfo [name: default]
2021-08-26 16:43:08.521  INFO 14880 --- [main] org.hibernate.Version                    : HHH000412: Hibernate ORM core version 5.4.32.Final
2021-08-26 16:43:08.663  INFO 14880 --- [main] o.hibernate.annotations.common.Version   : HCANN000001: Hibernate Commons Annotations {5.1.2.Final}
2021-08-26 16:43:08.771  INFO 14880 --- [main] com.zaxxer.hikari.HikariDataSource       : HikariPool-1 - Starting...
2021-08-26 16:43:09.006  INFO 14880 --- [main] com.zaxxer.hikari.HikariDataSource       : HikariPool-1 - Start completed.
2021-08-26 16:43:09.019  INFO 14880 --- [main] org.hibernate.dialect.Dialect            : HHH000400: Using dialect: org.hibernate.dialect.MySQL8Dialect
2021-08-26 16:43:09.579  INFO 14880 --- [main] o.h.e.t.j.p.i.JtaPlatformInitiator       : HHH000490: Using JtaPlatform implementation: [org.hibernate.engine.transaction.jta.platform.internal.NoJtaPlatform]
2021-08-26 16:43:09.587  INFO 14880 --- [main] j.LocalContainerEntityManagerFactoryBean : Initialized JPA EntityManagerFactory for persistence unit 'default'
2021-08-26 16:43:09.859  WARN 14880 --- [main] JpaBaseConfiguration$JpaWebConfiguration : spring.jpa.open-in-view is enabled by default. Therefore, database queries may be performed during view rendering. Explicitly configure spring.jpa.open-in-view to disable this warning
2021-08-26 16:43:10.100  INFO 14880 --- [main] o.s.s.web.DefaultSecurityFilterChain     : Will secure any request with [org.springframework.security.web.context.request.async.WebAsyncManagerIntegrationFilter@27ffd9f8, org.springframework.security.web.context.SecurityContextPersistenceFilter@325162e9, org.springframework.security.web.header.HeaderWriterFilter@33eb0d4, org.springframework.web.filter.CorsFilter@642c6461, org.springframework.security.web.authentication.logout.LogoutFilter@7bd38fed, com.example.demo.filter.JwtFilter@39ab5ef7, org.springframework.security.web.savedrequest.RequestCacheAwareFilter@5c448ef, org.springframework.security.web.servletapi.SecurityContextHolderAwareRequestFilter@2d4a3e13, org.springframework.security.web.authentication.AnonymousAuthenticationFilter@3ace6346, org.springframework.security.web.session.SessionManagementFilter@5e3db14, org.springframework.security.web.access.ExceptionTranslationFilter@584ca390, org.springframework.security.web.access.intercept.FilterSecurityInterceptor@7b5021d1]
2021-08-26 16:43:10.266  INFO 14880 --- [main] o.s.b.w.embedded.tomcat.TomcatWebServer  : Tomcat started on port(s): 8080 (http) with context path ''
2021-08-26 16:43:10.273  INFO 14880 --- [main] c.e.demo.SecurityJwtDemo1Application     : Started SecurityJwtDemo1Application in 3.364 seconds (JVM running for 4.06)
2021-08-26 16:43:14.141  INFO 14880 --- [http-nio-8080-exec-1] o.a.c.c.C.[Tomcat].[localhost].[/]       : Initializing Spring DispatcherServlet 'dispatcherServlet'
2021-08-26 16:43:14.141  INFO 14880 --- [http-nio-8080-exec-1] o.s.web.servlet.DispatcherServlet        : Initializing Servlet 'dispatcherServlet'
2021-08-26 16:43:14.144  INFO 14880 --- [http-nio-8080-exec-1] o.s.web.servlet.DispatcherServlet        : Completed initialization in 2 ms
2021-08-26 16:44:33.723  INFO 14880 --- [RMI TCP Connection(4)-127.0.0.1] inMXBeanRegistrar$SpringApplicationAdmin : Application shutdown requested.
2021-08-26 16:44:34.203  INFO 14880 --- [RMI TCP Connection(4)-127.0.0.1] j.LocalContainerEntityManagerFactoryBean : Closing JPA EntityManagerFactory for persistence unit 'default'
2021-08-26 16:44:34.246  INFO 14880 --- [RMI TCP Connection(4)-127.0.0.1] com.zaxxer.hikari.HikariDataSource       : HikariPool-1 - Shutdown initiated...
2021-08-26 16:44:34.272  INFO 14880 --- [RMI TCP Connection(4)-127.0.0.1] com.zaxxer.hikari.HikariDataSource       : HikariPool-1 - Shutdown completed.
2021-08-26 16:44:39.864  INFO 13116 --- [main] c.e.demo.SecurityJwtDemo1Application     : Starting SecurityJwtDemo1Application using Java 1.8.0_281 on LAPTOP-PV39E17L with PID 13116 (D:\Jag\SpringToolSuitProjects\t3\security-jwt-demo-2\target\classes started by rjaga in D:\Jag\SpringToolSuitProjects\t3\security-jwt-demo-2)
2021-08-26 16:44:39.928  INFO 13116 --- [main] c.e.demo.SecurityJwtDemo1Application     : No active profile set, falling back to default profiles: default
2021-08-26 16:44:40.967  INFO 13116 --- [main] .s.d.r.c.RepositoryConfigurationDelegate : Bootstrapping Spring Data JPA repositories in DEFAULT mode.
2021-08-26 16:44:41.042  INFO 13116 --- [main] .s.d.r.c.RepositoryConfigurationDelegate : Finished Spring Data repository scanning in 62 ms. Found 1 JPA repository interfaces.
2021-08-26 16:44:41.737  INFO 13116 --- [main] o.s.b.w.embedded.tomcat.TomcatWebServer  : Tomcat initialized with port(s): 8080 (http)
2021-08-26 16:44:41.745  INFO 13116 --- [main] o.apache.catalina.core.StandardService   : Starting service [Tomcat]
2021-08-26 16:44:41.745  INFO 13116 --- [main] org.apache.catalina.core.StandardEngine  : Starting Servlet engine: [Apache Tomcat/9.0.52]
2021-08-26 16:44:41.814  INFO 13116 --- [main] o.a.c.c.C.[Tomcat].[localhost].[/]       : Initializing Spring embedded WebApplicationContext
2021-08-26 16:44:41.814  INFO 13116 --- [main] w.s.c.ServletWebServerApplicationContext : Root WebApplicationContext: initialization completed in 1806 ms
2021-08-26 16:44:41.976  INFO 13116 --- [main] o.hibernate.jpa.internal.util.LogHelper  : HHH000204: Processing PersistenceUnitInfo [name: default]
2021-08-26 16:44:42.033  INFO 13116 --- [main] org.hibernate.Version                    : HHH000412: Hibernate ORM core version 5.4.32.Final
2021-08-26 16:44:42.200  INFO 13116 --- [main] o.hibernate.annotations.common.Version   : HCANN000001: Hibernate Commons Annotations {5.1.2.Final}
2021-08-26 16:44:42.315  INFO 13116 --- [main] com.zaxxer.hikari.HikariDataSource       : HikariPool-1 - Starting...
2021-08-26 16:44:42.588  INFO 13116 --- [main] com.zaxxer.hikari.HikariDataSource       : HikariPool-1 - Start completed.
2021-08-26 16:44:42.600  INFO 13116 --- [main] org.hibernate.dialect.Dialect            : HHH000400: Using dialect: org.hibernate.dialect.MySQL8Dialect
2021-08-26 16:44:43.142  INFO 13116 --- [main] o.h.e.t.j.p.i.JtaPlatformInitiator       : HHH000490: Using JtaPlatform implementation: [org.hibernate.engine.transaction.jta.platform.internal.NoJtaPlatform]
2021-08-26 16:44:43.149  INFO 13116 --- [main] j.LocalContainerEntityManagerFactoryBean : Initialized JPA EntityManagerFactory for persistence unit 'default'
2021-08-26 16:44:43.405  WARN 13116 --- [main] JpaBaseConfiguration$JpaWebConfiguration : spring.jpa.open-in-view is enabled by default. Therefore, database queries may be performed during view rendering. Explicitly configure spring.jpa.open-in-view to disable this warning
2021-08-26 16:44:43.667  INFO 13116 --- [main] o.s.s.web.DefaultSecurityFilterChain     : Will secure any request with [org.springframework.security.web.context.request.async.WebAsyncManagerIntegrationFilter@3a109ff7, org.springframework.security.web.context.SecurityContextPersistenceFilter@49232c6f, org.springframework.security.web.header.HeaderWriterFilter@79252c83, org.springframework.web.filter.CorsFilter@111a7973, org.springframework.security.web.authentication.logout.LogoutFilter@7741ae1b, com.example.demo.filter.JwtFilter@b5ac0c1, org.springframework.security.web.savedrequest.RequestCacheAwareFilter@5396eeb1, org.springframework.security.web.servletapi.SecurityContextHolderAwareRequestFilter@37d3e140, org.springframework.security.web.authentication.AnonymousAuthenticationFilter@1a2773a8, org.springframework.security.web.session.SessionManagementFilter@2365ea38, org.springframework.security.web.access.ExceptionTranslationFilter@70d4f672, org.springframework.security.web.access.intercept.FilterSecurityInterceptor@45e140ae]
2021-08-26 16:44:43.860  INFO 13116 --- [main] o.s.b.w.embedded.tomcat.TomcatWebServer  : Tomcat started on port(s): 8080 (http) with context path ''
2021-08-26 16:44:43.867  INFO 13116 --- [main] c.e.demo.SecurityJwtDemo1Application     : Started SecurityJwtDemo1Application in 4.717 seconds (JVM running for 5.943)
2021-08-26 16:44:47.673  INFO 13116 --- [http-nio-8080-exec-1] o.a.c.c.C.[Tomcat].[localhost].[/]       : Initializing Spring DispatcherServlet 'dispatcherServlet'
2021-08-26 16:44:47.673  INFO 13116 --- [http-nio-8080-exec-1] o.s.web.servlet.DispatcherServlet        : Initializing Servlet 'dispatcherServlet'
2021-08-26 16:44:47.674  INFO 13116 --- [http-nio-8080-exec-1] o.s.web.servlet.DispatcherServlet        : Completed initialization in 1 ms
2021-08-26 16:45:26.110  INFO 13116 --- [RMI TCP Connection(3)-127.0.0.1] inMXBeanRegistrar$SpringApplicationAdmin : Application shutdown requested.
2021-08-26 16:45:26.430  INFO 13116 --- [RMI TCP Connection(3)-127.0.0.1] j.LocalContainerEntityManagerFactoryBean : Closing JPA EntityManagerFactory for persistence unit 'default'
2021-08-26 16:45:26.463  INFO 13116 --- [RMI TCP Connection(3)-127.0.0.1] com.zaxxer.hikari.HikariDataSource       : HikariPool-1 - Shutdown initiated...
2021-08-26 16:45:26.482  INFO 13116 --- [RMI TCP Connection(3)-127.0.0.1] com.zaxxer.hikari.HikariDataSource       : HikariPool-1 - Shutdown completed.
2021-08-26 16:45:30.912  INFO 1824 --- [main] c.e.demo.SecurityJwtDemo1Application     : Starting SecurityJwtDemo1Application using Java 1.8.0_281 on LAPTOP-PV39E17L with PID 1824 (D:\Jag\SpringToolSuitProjects\t3\security-jwt-demo-2\target\classes started by rjaga in D:\Jag\SpringToolSuitProjects\t3\security-jwt-demo-2)
2021-08-26 16:45:30.914  INFO 1824 --- [main] c.e.demo.SecurityJwtDemo1Application     : No active profile set, falling back to default profiles: default
2021-08-26 16:45:31.539  INFO 1824 --- [main] .s.d.r.c.RepositoryConfigurationDelegate : Bootstrapping Spring Data JPA repositories in DEFAULT mode.
2021-08-26 16:45:31.583  INFO 1824 --- [main] .s.d.r.c.RepositoryConfigurationDelegate : Finished Spring Data repository scanning in 37 ms. Found 1 JPA repository interfaces.
2021-08-26 16:45:32.355  INFO 1824 --- [main] o.s.b.w.embedded.tomcat.TomcatWebServer  : Tomcat initialized with port(s): 8080 (http)
2021-08-26 16:45:32.366  INFO 1824 --- [main] o.apache.catalina.core.StandardService   : Starting service [Tomcat]
2021-08-26 16:45:32.366  INFO 1824 --- [main] org.apache.catalina.core.StandardEngine  : Starting Servlet engine: [Apache Tomcat/9.0.52]
2021-08-26 16:45:32.490  INFO 1824 --- [main] o.a.c.c.C.[Tomcat].[localhost].[/]       : Initializing Spring embedded WebApplicationContext
2021-08-26 16:45:32.490  INFO 1824 --- [main] w.s.c.ServletWebServerApplicationContext : Root WebApplicationContext: initialization completed in 1539 ms
2021-08-26 16:45:32.812  INFO 1824 --- [main] o.hibernate.jpa.internal.util.LogHelper  : HHH000204: Processing PersistenceUnitInfo [name: default]
2021-08-26 16:45:32.870  INFO 1824 --- [main] org.hibernate.Version                    : HHH000412: Hibernate ORM core version 5.4.32.Final
2021-08-26 16:45:33.036  INFO 1824 --- [main] o.hibernate.annotations.common.Version   : HCANN000001: Hibernate Commons Annotations {5.1.2.Final}
2021-08-26 16:45:33.223  INFO 1824 --- [main] com.zaxxer.hikari.HikariDataSource       : HikariPool-1 - Starting...
2021-08-26 16:45:33.543  INFO 1824 --- [main] com.zaxxer.hikari.HikariDataSource       : HikariPool-1 - Start completed.
2021-08-26 16:45:33.559  INFO 1824 --- [main] org.hibernate.dialect.Dialect            : HHH000400: Using dialect: org.hibernate.dialect.MySQL8Dialect
2021-08-26 16:45:34.346  INFO 1824 --- [main] o.h.e.t.j.p.i.JtaPlatformInitiator       : HHH000490: Using JtaPlatform implementation: [org.hibernate.engine.transaction.jta.platform.internal.NoJtaPlatform]
2021-08-26 16:45:34.355  INFO 1824 --- [main] j.LocalContainerEntityManagerFactoryBean : Initialized JPA EntityManagerFactory for persistence unit 'default'
2021-08-26 16:45:34.610  WARN 1824 --- [main] JpaBaseConfiguration$JpaWebConfiguration : spring.jpa.open-in-view is enabled by default. Therefore, database queries may be performed during view rendering. Explicitly configure spring.jpa.open-in-view to disable this warning
2021-08-26 16:45:34.929  INFO 1824 --- [main] o.s.s.web.DefaultSecurityFilterChain     : Will secure any request with [org.springframework.security.web.context.request.async.WebAsyncManagerIntegrationFilter@4e48462d, org.springframework.security.web.context.SecurityContextPersistenceFilter@5c448ef, org.springframework.security.web.header.HeaderWriterFilter@a3cba3a, org.springframework.web.filter.CorsFilter@17216605, org.springframework.security.web.authentication.logout.LogoutFilter@42a0786f, com.example.demo.filter.JwtFilter@517704, org.springframework.security.web.savedrequest.RequestCacheAwareFilter@49c1e294, org.springframework.security.web.servletapi.SecurityContextHolderAwareRequestFilter@d8835af, org.springframework.security.web.authentication.AnonymousAuthenticationFilter@10a907ec, org.springframework.security.web.session.SessionManagementFilter@325162e9, org.springframework.security.web.access.ExceptionTranslationFilter@37d3e140, org.springframework.security.web.access.intercept.FilterSecurityInterceptor@799f354a]
2021-08-26 16:45:35.121  INFO 1824 --- [main] o.s.b.w.embedded.tomcat.TomcatWebServer  : Tomcat started on port(s): 8080 (http) with context path ''
2021-08-26 16:45:35.129  INFO 1824 --- [main] c.e.demo.SecurityJwtDemo1Application     : Started SecurityJwtDemo1Application in 4.532 seconds (JVM running for 5.216)
2021-08-26 16:45:39.418  INFO 1824 --- [http-nio-8080-exec-1] o.a.c.c.C.[Tomcat].[localhost].[/]       : Initializing Spring DispatcherServlet 'dispatcherServlet'
2021-08-26 16:45:39.418  INFO 1824 --- [http-nio-8080-exec-1] o.s.web.servlet.DispatcherServlet        : Initializing Servlet 'dispatcherServlet'
2021-08-26 16:45:39.419  INFO 1824 --- [http-nio-8080-exec-1] o.s.web.servlet.DispatcherServlet        : Completed initialization in 1 ms
2021-08-26 18:35:26.098  INFO 1824 --- [RMI TCP Connection(112)-127.0.0.1] inMXBeanRegistrar$SpringApplicationAdmin : Application shutdown requested.
2021-08-26 18:35:26.960  INFO 1824 --- [RMI TCP Connection(112)-127.0.0.1] j.LocalContainerEntityManagerFactoryBean : Closing JPA EntityManagerFactory for persistence unit 'default'
2021-08-26 18:35:27.025  INFO 1824 --- [RMI TCP Connection(112)-127.0.0.1] com.zaxxer.hikari.HikariDataSource       : HikariPool-1 - Shutdown initiated...
2021-08-26 18:35:27.042  INFO 1824 --- [RMI TCP Connection(112)-127.0.0.1] com.zaxxer.hikari.HikariDataSource       : HikariPool-1 - Shutdown completed.
2021-08-26 18:37:47.961  INFO 5972 --- [main] c.e.demo.SecurityJwtDemo1Application     : Starting SecurityJwtDemo1Application using Java 1.8.0_281 on LAPTOP-PV39E17L with PID 5972 (D:\Jag\SpringToolSuitProjects\t3\security-jwt-demo-2\target\classes started by rjaga in D:\Jag\SpringToolSuitProjects\t3\security-jwt-demo-2)
2021-08-26 18:37:47.985  INFO 5972 --- [main] c.e.demo.SecurityJwtDemo1Application     : No active profile set, falling back to default profiles: default
2021-08-26 18:37:48.777  INFO 5972 --- [main] .s.d.r.c.RepositoryConfigurationDelegate : Bootstrapping Spring Data JPA repositories in DEFAULT mode.
2021-08-26 18:37:48.838  INFO 5972 --- [main] .s.d.r.c.RepositoryConfigurationDelegate : Finished Spring Data repository scanning in 50 ms. Found 1 JPA repository interfaces.
2021-08-26 18:37:49.531  INFO 5972 --- [main] o.s.b.w.embedded.tomcat.TomcatWebServer  : Tomcat initialized with port(s): 8080 (http)
2021-08-26 18:37:49.540  INFO 5972 --- [main] o.apache.catalina.core.StandardService   : Starting service [Tomcat]
2021-08-26 18:37:49.540  INFO 5972 --- [main] org.apache.catalina.core.StandardEngine  : Starting Servlet engine: [Apache Tomcat/9.0.52]
2021-08-26 18:37:49.624  INFO 5972 --- [main] o.a.c.c.C.[Tomcat].[localhost].[/]       : Initializing Spring embedded WebApplicationContext
2021-08-26 18:37:49.624  INFO 5972 --- [main] w.s.c.ServletWebServerApplicationContext : Root WebApplicationContext: initialization completed in 1597 ms
2021-08-26 18:37:49.801  INFO 5972 --- [main] o.hibernate.jpa.internal.util.LogHelper  : HHH000204: Processing PersistenceUnitInfo [name: default]
2021-08-26 18:37:49.852  INFO 5972 --- [main] org.hibernate.Version                    : HHH000412: Hibernate ORM core version 5.4.32.Final
2021-08-26 18:37:49.988  INFO 5972 --- [main] o.hibernate.annotations.common.Version   : HCANN000001: Hibernate Commons Annotations {5.1.2.Final}
2021-08-26 18:37:50.094  INFO 5972 --- [main] com.zaxxer.hikari.HikariDataSource       : HikariPool-1 - Starting...
2021-08-26 18:37:50.399  INFO 5972 --- [main] com.zaxxer.hikari.HikariDataSource       : HikariPool-1 - Start completed.
2021-08-26 18:37:50.411  INFO 5972 --- [main] org.hibernate.dialect.Dialect            : HHH000400: Using dialect: org.hibernate.dialect.MySQL8Dialect
2021-08-26 18:37:51.131  INFO 5972 --- [main] o.h.e.t.j.p.i.JtaPlatformInitiator       : HHH000490: Using JtaPlatform implementation: [org.hibernate.engine.transaction.jta.platform.internal.NoJtaPlatform]
2021-08-26 18:37:51.141  INFO 5972 --- [main] j.LocalContainerEntityManagerFactoryBean : Initialized JPA EntityManagerFactory for persistence unit 'default'
2021-08-26 18:37:51.423  WARN 5972 --- [main] JpaBaseConfiguration$JpaWebConfiguration : spring.jpa.open-in-view is enabled by default. Therefore, database queries may be performed during view rendering. Explicitly configure spring.jpa.open-in-view to disable this warning
2021-08-26 18:37:51.659  INFO 5972 --- [main] o.s.s.web.DefaultSecurityFilterChain     : Will secure any request with [org.springframework.security.web.context.request.async.WebAsyncManagerIntegrationFilter@514377fc, org.springframework.security.web.context.SecurityContextPersistenceFilter@a3cba3a, org.springframework.security.web.header.HeaderWriterFilter@279126f5, org.springframework.web.filter.CorsFilter@2e4eda17, org.springframework.security.web.authentication.logout.LogoutFilter@3a40bb52, com.example.demo.filter.JwtFilter@35bd8bc9, org.springframework.security.web.savedrequest.RequestCacheAwareFilter@5ca4dce5, org.springframework.security.web.servletapi.SecurityContextHolderAwareRequestFilter@1ee40b5c, org.springframework.security.web.authentication.AnonymousAuthenticationFilter@7b5021d1, org.springframework.security.web.session.SessionManagementFilter@33eb0d4, org.springframework.security.web.access.ExceptionTranslationFilter@cbf1997, org.springframework.security.web.access.intercept.FilterSecurityInterceptor@5a47730c]
2021-08-26 18:37:51.818  INFO 5972 --- [main] o.s.b.w.embedded.tomcat.TomcatWebServer  : Tomcat started on port(s): 8080 (http) with context path ''
2021-08-26 18:37:51.824  INFO 5972 --- [main] c.e.demo.SecurityJwtDemo1Application     : Started SecurityJwtDemo1Application in 4.297 seconds (JVM running for 5.573)
2021-08-26 18:37:57.935  INFO 5972 --- [http-nio-8080-exec-1] o.a.c.c.C.[Tomcat].[localhost].[/]       : Initializing Spring DispatcherServlet 'dispatcherServlet'
2021-08-26 18:37:57.936  INFO 5972 --- [http-nio-8080-exec-1] o.s.web.servlet.DispatcherServlet        : Initializing Servlet 'dispatcherServlet'
2021-08-26 18:37:57.937  INFO 5972 --- [http-nio-8080-exec-1] o.s.web.servlet.DispatcherServlet        : Completed initialization in 1 ms
2021-08-26 18:45:13.443  INFO 5972 --- [RMI TCP Connection(10)-127.0.0.1] inMXBeanRegistrar$SpringApplicationAdmin : Application shutdown requested.
2021-08-26 18:45:14.058  INFO 5972 --- [RMI TCP Connection(10)-127.0.0.1] j.LocalContainerEntityManagerFactoryBean : Closing JPA EntityManagerFactory for persistence unit 'default'
2021-08-26 18:45:14.137  INFO 5972 --- [RMI TCP Connection(10)-127.0.0.1] com.zaxxer.hikari.HikariDataSource       : HikariPool-1 - Shutdown initiated...
2021-08-26 18:45:14.193  INFO 5972 --- [RMI TCP Connection(10)-127.0.0.1] com.zaxxer.hikari.HikariDataSource       : HikariPool-1 - Shutdown completed.
2021-08-26 18:45:18.535  INFO 22620 --- [main] c.e.demo.SecurityJwtDemo1Application     : Starting SecurityJwtDemo1Application using Java 1.8.0_281 on LAPTOP-PV39E17L with PID 22620 (D:\Jag\SpringToolSuitProjects\t3\security-jwt-demo-2\target\classes started by rjaga in D:\Jag\SpringToolSuitProjects\t3\security-jwt-demo-2)
2021-08-26 18:45:18.537  INFO 22620 --- [main] c.e.demo.SecurityJwtDemo1Application     : No active profile set, falling back to default profiles: default
2021-08-26 18:45:19.114  INFO 22620 --- [main] .s.d.r.c.RepositoryConfigurationDelegate : Bootstrapping Spring Data JPA repositories in DEFAULT mode.
2021-08-26 18:45:19.160  INFO 22620 --- [main] .s.d.r.c.RepositoryConfigurationDelegate : Finished Spring Data repository scanning in 39 ms. Found 1 JPA repository interfaces.
2021-08-26 18:45:19.841  INFO 22620 --- [main] o.s.b.w.embedded.tomcat.TomcatWebServer  : Tomcat initialized with port(s): 8080 (http)
2021-08-26 18:45:19.850  INFO 22620 --- [main] o.apache.catalina.core.StandardService   : Starting service [Tomcat]
2021-08-26 18:45:19.851  INFO 22620 --- [main] org.apache.catalina.core.StandardEngine  : Starting Servlet engine: [Apache Tomcat/9.0.52]
2021-08-26 18:45:19.917  INFO 22620 --- [main] o.a.c.c.C.[Tomcat].[localhost].[/]       : Initializing Spring embedded WebApplicationContext
2021-08-26 18:45:19.926  INFO 22620 --- [main] w.s.c.ServletWebServerApplicationContext : Root WebApplicationContext: initialization completed in 1354 ms
2021-08-26 18:45:20.063  INFO 22620 --- [main] o.hibernate.jpa.internal.util.LogHelper  : HHH000204: Processing PersistenceUnitInfo [name: default]
2021-08-26 18:45:20.104  INFO 22620 --- [main] org.hibernate.Version                    : HHH000412: Hibernate ORM core version 5.4.32.Final
2021-08-26 18:45:20.220  INFO 22620 --- [main] o.hibernate.annotations.common.Version   : HCANN000001: Hibernate Commons Annotations {5.1.2.Final}
2021-08-26 18:45:20.306  INFO 22620 --- [main] com.zaxxer.hikari.HikariDataSource       : HikariPool-1 - Starting...
2021-08-26 18:45:20.601  INFO 22620 --- [main] com.zaxxer.hikari.HikariDataSource       : HikariPool-1 - Start completed.
2021-08-26 18:45:20.613  INFO 22620 --- [main] org.hibernate.dialect.Dialect            : HHH000400: Using dialect: org.hibernate.dialect.MySQL8Dialect
2021-08-26 18:45:21.176  INFO 22620 --- [main] o.h.e.t.j.p.i.JtaPlatformInitiator       : HHH000490: Using JtaPlatform implementation: [org.hibernate.engine.transaction.jta.platform.internal.NoJtaPlatform]
2021-08-26 18:45:21.187  INFO 22620 --- [main] j.LocalContainerEntityManagerFactoryBean : Initialized JPA EntityManagerFactory for persistence unit 'default'
2021-08-26 18:45:21.451  WARN 22620 --- [main] JpaBaseConfiguration$JpaWebConfiguration : spring.jpa.open-in-view is enabled by default. Therefore, database queries may be performed during view rendering. Explicitly configure spring.jpa.open-in-view to disable this warning
2021-08-26 18:45:21.867  INFO 22620 --- [main] o.s.s.web.DefaultSecurityFilterChain     : Will secure any request with [org.springframework.security.web.context.request.async.WebAsyncManagerIntegrationFilter@4e48462d, org.springframework.security.web.context.SecurityContextPersistenceFilter@5c448ef, org.springframework.security.web.header.HeaderWriterFilter@a3cba3a, org.springframework.web.filter.CorsFilter@17216605, org.springframework.security.web.authentication.logout.LogoutFilter@42a0786f, com.example.demo.filter.JwtFilter@517704, org.springframework.security.web.savedrequest.RequestCacheAwareFilter@49c1e294, org.springframework.security.web.servletapi.SecurityContextHolderAwareRequestFilter@d8835af, org.springframework.security.web.authentication.AnonymousAuthenticationFilter@10a907ec, org.springframework.security.web.session.SessionManagementFilter@325162e9, org.springframework.security.web.access.ExceptionTranslationFilter@37d3e140, org.springframework.security.web.access.intercept.FilterSecurityInterceptor@799f354a]
2021-08-26 18:45:22.051  INFO 22620 --- [main] o.s.b.w.embedded.tomcat.TomcatWebServer  : Tomcat started on port(s): 8080 (http) with context path ''
2021-08-26 18:45:22.058  INFO 22620 --- [main] c.e.demo.SecurityJwtDemo1Application     : Started SecurityJwtDemo1Application in 3.794 seconds (JVM running for 4.491)
2021-08-26 18:45:28.098  INFO 22620 --- [http-nio-8080-exec-1] o.a.c.c.C.[Tomcat].[localhost].[/]       : Initializing Spring DispatcherServlet 'dispatcherServlet'
2021-08-26 18:45:28.098  INFO 22620 --- [http-nio-8080-exec-1] o.s.web.servlet.DispatcherServlet        : Initializing Servlet 'dispatcherServlet'
2021-08-26 18:45:28.100  INFO 22620 --- [http-nio-8080-exec-1] o.s.web.servlet.DispatcherServlet        : Completed initialization in 2 ms
2021-08-26 19:25:10.297  INFO 22620 --- [RMI TCP Connection(41)-127.0.0.1] inMXBeanRegistrar$SpringApplicationAdmin : Application shutdown requested.
2021-08-26 19:25:11.172  INFO 22620 --- [RMI TCP Connection(41)-127.0.0.1] j.LocalContainerEntityManagerFactoryBean : Closing JPA EntityManagerFactory for persistence unit 'default'
2021-08-26 19:25:11.259  INFO 22620 --- [RMI TCP Connection(41)-127.0.0.1] com.zaxxer.hikari.HikariDataSource       : HikariPool-1 - Shutdown initiated...
2021-08-26 19:25:11.295  INFO 22620 --- [RMI TCP Connection(41)-127.0.0.1] com.zaxxer.hikari.HikariDataSource       : HikariPool-1 - Shutdown completed.
